# JRE version: Java(TM) SE Runtime Environment (8.0_162-b12) (build 1.8.0_162-b12)
# Java VM: Java HotSpot(TM) 64-Bit Server VM (25.162-b12 mixed mode windows-amd64 compressed oops)
Heap:
 PSYoungGen      total 56320K, used 43443K [0x00000000d5f00000, 0x00000000da800000, 0x0000000100000000)
  eden space 53248K, 75% used [0x00000000d5f00000,0x00000000d866dd98,0x00000000d9300000)
  from space 3072K, 99% used [0x00000000da500000,0x00000000da7ff0f8,0x00000000da800000)
  to   space 5120K, 0% used [0x00000000d9e00000,0x00000000d9e00000,0x00000000da300000)
 ParOldGen       total 52224K, used 10869K [0x0000000081c00000, 0x0000000084f00000, 0x00000000d5f00000)
  object space 52224K, 20% used [0x0000000081c00000,0x000000008269d698,0x0000000084f00000)
 Metaspace       used 23787K, capacity 24486K, committed 24832K, reserved 1073152K
  class space    used 3085K, capacity 3258K, committed 3328K, reserved 1048576K
GC Heap History (10 events):
Event: 1.297 GC heap before
{Heap before GC invocations=4 (full 1):
 PSYoungGen      total 38400K, used 4674K [0x00000000d5f00000, 0x00000000daa00000, 0x0000000100000000)
  eden space 33280K, 0% used [0x00000000d5f00000,0x00000000d5f00000,0x00000000d7f80000)
  from space 5120K, 91% used [0x00000000d7f80000,0x00000000d8410858,0x00000000d8480000)
  to   space 5120K, 0% used [0x00000000da500000,0x00000000da500000,0x00000000daa00000)
 ParOldGen       total 87552K, used 24K [0x0000000081c00000, 0x0000000087180000, 0x00000000d5f00000)
  object space 87552K, 0% used [0x0000000081c00000,0x0000000081c06000,0x0000000087180000)
 Metaspace       used 11925K, capacity 12266K, committed 12416K, reserved 1064960K
  class space    used 1505K, capacity 1604K, committed 1664K, reserved 1048576K
Event: 1.313 GC heap after
Heap after GC invocations=4 (full 1):
 PSYoungGen      total 38400K, used 0K [0x00000000d5f00000, 0x00000000daa00000, 0x0000000100000000)
  eden space 33280K, 0% used [0x00000000d5f00000,0x00000000d5f00000,0x00000000d7f80000)
  from space 5120K, 0% used [0x00000000d7f80000,0x00000000d7f80000,0x00000000d8480000)
  to   space 5120K, 0% used [0x00000000da500000,0x00000000da500000,0x00000000daa00000)
 ParOldGen       total 52224K, used 4479K [0x0000000081c00000, 0x0000000084f00000, 0x00000000d5f00000)
  object space 52224K, 8% used [0x0000000081c00000,0x000000008205fe18,0x0000000084f00000)
 Metaspace       used 11925K, capacity 12266K, committed 12416K, reserved 1062912K
  class space    used 1505K, capacity 1604K, committed 1664K, reserved 1048576K
}
Event: 1.450 GC heap before
{Heap before GC invocations=5 (full 1):
 PSYoungGen      total 38400K, used 33280K [0x00000000d5f00000, 0x00000000daa00000, 0x0000000100000000)
  eden space 33280K, 100% used [0x00000000d5f00000,0x00000000d7f80000,0x00000000d7f80000)
  from space 5120K, 0% used [0x00000000d7f80000,0x00000000d7f80000,0x00000000d8480000)
  to   space 5120K, 0% used [0x00000000da500000,0x00000000da500000,0x00000000daa00000)
 ParOldGen       total 52224K, used 4479K [0x0000000081c00000, 0x0000000084f00000, 0x00000000d5f00000)
  object space 52224K, 8% used [0x0000000081c00000,0x000000008205fe18,0x0000000084f00000)
 Metaspace       used 14226K, capacity 14680K, committed 14848K, reserved 1062912K
  class space    used 1893K, capacity 2039K, committed 2048K, reserved 1048576K
Event: 1.453 GC heap after
Heap after GC invocations=5 (full 1):
 PSYoungGen      total 56320K, used 3038K [0x00000000d5f00000, 0x00000000da800000, 0x0000000100000000)
  eden space 53248K, 0% used [0x00000000d5f00000,0x00000000d5f00000,0x00000000d9300000)
  from space 3072K, 98% used [0x00000000da500000,0x00000000da7f79f0,0x00000000da800000)
  to   space 5120K, 0% used [0x00000000d9e00000,0x00000000d9e00000,0x00000000da300000)
 ParOldGen       total 52224K, used 4479K [0x0000000081c00000, 0x0000000084f00000, 0x00000000d5f00000)
  object space 52224K, 8% used [0x0000000081c00000,0x000000008205fe18,0x0000000084f00000)
 Metaspace       used 14226K, capacity 14680K, committed 14848K, reserved 1062912K
  class space    used 1893K, capacity 2039K, committed 2048K, reserved 1048576K
}
Event: 1.761 GC heap before
{Heap before GC invocations=6 (full 1):
 PSYoungGen      total 56320K, used 47773K [0x00000000d5f00000, 0x00000000da800000, 0x0000000100000000)
  eden space 53248K, 84% used [0x00000000d5f00000,0x00000000d8aafb28,0x00000000d9300000)
  from space 3072K, 98% used [0x00000000da500000,0x00000000da7f79f0,0x00000000da800000)
  to   space 5120K, 0% used [0x00000000d9e00000,0x00000000d9e00000,0x00000000da300000)
 ParOldGen       total 52224K, used 4479K [0x0000000081c00000, 0x0000000084f00000, 0x00000000d5f00000)
  object space 52224K, 8% used [0x0000000081c00000,0x000000008205fe18,0x0000000084f00000)
 Metaspace       used 20604K, capacity 21070K, committed 21296K, reserved 1069056K
  class space    used 2692K, capacity 2846K, committed 2944K, reserved 1048576K
Event: 1.769 GC heap after
Heap after GC invocations=6 (full 1):
 PSYoungGen      total 58368K, used 5098K [0x00000000d5f00000, 0x00000000da800000, 0x0000000100000000)
  eden space 53248K, 0% used [0x00000000d5f00000,0x00000000d5f00000,0x00000000d9300000)
  from space 5120K, 99% used [0x00000000d9e00000,0x00000000da2faa00,0x00000000da300000)
  to   space 3072K, 0% used [0x00000000da500000,0x00000000da500000,0x00000000da800000)
 ParOldGen       total 52224K, used 6347K [0x0000000081c00000, 0x0000000084f00000, 0x00000000d5f00000)
  object space 52224K, 12% used [0x0000000081c00000,0x0000000082232d90,0x0000000084f00000)
 Metaspace       used 20604K, capacity 21070K, committed 21296K, reserved 1069056K
  class space    used 2692K, capacity 2846K, committed 2944K, reserved 1048576K
}
Event: 1.769 GC heap before
{Heap before GC invocations=7 (full 2):
 PSYoungGen      total 58368K, used 5098K [0x00000000d5f00000, 0x00000000da800000, 0x0000000100000000)
  eden space 53248K, 0% used [0x00000000d5f00000,0x00000000d5f00000,0x00000000d9300000)
  from space 5120K, 99% used [0x00000000d9e00000,0x00000000da2faa00,0x00000000da300000)
  to   space 3072K, 0% used [0x00000000da500000,0x00000000da500000,0x00000000da800000)
 ParOldGen       total 52224K, used 6347K [0x0000000081c00000, 0x0000000084f00000, 0x00000000d5f00000)
  object space 52224K, 12% used [0x0000000081c00000,0x0000000082232d90,0x0000000084f00000)
 Metaspace       used 20604K, capacity 21070K, committed 21296K, reserved 1069056K
  class space    used 2692K, capacity 2846K, committed 2944K, reserved 1048576K
Event: 1.789 GC heap after
Heap after GC invocations=7 (full 2):
 PSYoungGen      total 58368K, used 0K [0x00000000d5f00000, 0x00000000da800000, 0x0000000100000000)
  eden space 53248K, 0% used [0x00000000d5f00000,0x00000000d5f00000,0x00000000d9300000)
  from space 5120K, 0% used [0x00000000d9e00000,0x00000000d9e00000,0x00000000da300000)
  to   space 3072K, 0% used [0x00000000da500000,0x00000000da500000,0x00000000da800000)
 ParOldGen       total 52224K, used 9419K [0x0000000081c00000, 0x0000000084f00000, 0x00000000d5f00000)
  object space 52224K, 18% used [0x0000000081c00000,0x0000000082532e28,0x0000000084f00000)
 Metaspace       used 20604K, capacity 21070K, committed 21296K, reserved 1069056K
  class space    used 2692K, capacity 2846K, committed 2944K, reserved 1048576K
}
Event: 2.163 GC heap before
{Heap before GC invocations=8 (full 2):
 PSYoungGen      total 58368K, used 53227K [0x00000000d5f00000, 0x00000000da800000, 0x0000000100000000)
  eden space 53248K, 99% used [0x00000000d5f00000,0x00000000d92fac98,0x00000000d9300000)
  from space 5120K, 0% used [0x00000000d9e00000,0x00000000d9e00000,0x00000000da300000)
  to   space 3072K, 0% used [0x00000000da500000,0x00000000da500000,0x00000000da800000)
 ParOldGen       total 52224K, used 9419K [0x0000000081c00000, 0x0000000084f00000, 0x00000000d5f00000)
  object space 52224K, 18% used [0x0000000081c00000,0x0000000082532e28,0x0000000084f00000)
 Metaspace       used 23519K, capacity 24238K, committed 24576K, reserved 1073152K
  class space    used 3055K, capacity 3222K, committed 3328K, reserved 1048576K
Event: 2.167 GC heap after
Heap after GC invocations=8 (full 2):
 PSYoungGen      total 56320K, used 3068K [0x00000000d5f00000, 0x00000000da800000, 0x0000000100000000)
  eden space 53248K, 0% used [0x00000000d5f00000,0x00000000d5f00000,0x00000000d9300000)
  from space 3072K, 99% used [0x00000000da500000,0x00000000da7ff0f8,0x00000000da800000)
  to   space 5120K, 0% used [0x00000000d9e00000,0x00000000d9e00000,0x00000000da300000)
 ParOldGen       total 52224K, used 10869K [0x0000000081c00000, 0x0000000084f00000, 0x00000000d5f00000)
  object space 52224K, 20% used [0x0000000081c00000,0x000000008269d698,0x0000000084f00000)
 Metaspace       used 23519K, capacity 24238K, committed 24576K, reserved 1073152K
  class space    used 3055K, capacity 3222K, committed 3328K, reserved 1048576K
}

