# JRE version: Java(TM) SE Runtime Environment (8.0_162-b12) (build 1.8.0_162-b12)
# Java VM: Java HotSpot(TM) 64-Bit Server VM (25.162-b12 mixed mode windows-amd64 compressed oops)
Heap:
 PSYoungGen      total 115200K, used 95144K [0x00000000d5f00000, 0x00000000dee80000, 0x0000000100000000)
  eden space 105472K, 81% used [0x00000000d5f00000,0x00000000db26f668,0x00000000dc600000)
  from space 9728K, 99% used [0x00000000ddb80000,0x00000000de4faa60,0x00000000de500000)
  to   space 4096K, 0% used [0x00000000dea80000,0x00000000dea80000,0x00000000dee80000)
 ParOldGen       total 59904K, used 11811K [0x0000000081c00000, 0x0000000085680000, 0x00000000d5f00000)
  object space 59904K, 19% used [0x0000000081c00000,0x0000000082788cf0,0x0000000085680000)
 Metaspace       used 32243K, capacity 33832K, committed 34048K, reserved 1079296K
  class space    used 4252K, capacity 4560K, committed 4608K, reserved 1048576K
GC Heap History (10 events):
Event: 1.414 GC heap before
{Heap before GC invocations=4 (full 0):
 PSYoungGen      total 38400K, used 38343K [0x00000000d5f00000, 0x00000000daa00000, 0x0000000100000000)
  eden space 33280K, 100% used [0x00000000d5f00000,0x00000000d7f80000,0x00000000d7f80000)
  from space 5120K, 98% used [0x00000000d7f80000,0x00000000d8471cc8,0x00000000d8480000)
  to   space 5120K, 0% used [0x00000000da500000,0x00000000da500000,0x00000000daa00000)
 ParOldGen       total 87552K, used 24K [0x0000000081c00000, 0x0000000087180000, 0x00000000d5f00000)
  object space 87552K, 0% used [0x0000000081c00000,0x0000000081c06000,0x0000000087180000)
 Metaspace       used 14867K, capacity 15288K, committed 15488K, reserved 1062912K
  class space    used 1971K, capacity 2109K, committed 2176K, reserved 1048576K
Event: 1.420 GC heap after
Heap after GC invocations=4 (full 0):
 PSYoungGen      total 71680K, used 5101K [0x00000000d5f00000, 0x00000000daa00000, 0x0000000100000000)
  eden space 66560K, 0% used [0x00000000d5f00000,0x00000000d5f00000,0x00000000da000000)
  from space 5120K, 99% used [0x00000000da500000,0x00000000da9fb5c8,0x00000000daa00000)
  to   space 5120K, 0% used [0x00000000da000000,0x00000000da000000,0x00000000da500000)
 ParOldGen       total 87552K, used 995K [0x0000000081c00000, 0x0000000087180000, 0x00000000d5f00000)
  object space 87552K, 1% used [0x0000000081c00000,0x0000000081cf8e88,0x0000000087180000)
 Metaspace       used 14867K, capacity 15288K, committed 15488K, reserved 1062912K
  class space    used 1971K, capacity 2109K, committed 2176K, reserved 1048576K
}
Event: 1.701 GC heap before
{Heap before GC invocations=5 (full 0):
 PSYoungGen      total 71680K, used 47796K [0x00000000d5f00000, 0x00000000daa00000, 0x0000000100000000)
  eden space 66560K, 64% used [0x00000000d5f00000,0x00000000d88b1de0,0x00000000da000000)
  from space 5120K, 99% used [0x00000000da500000,0x00000000da9fb5c8,0x00000000daa00000)
  to   space 5120K, 0% used [0x00000000da000000,0x00000000da000000,0x00000000da500000)
 ParOldGen       total 87552K, used 995K [0x0000000081c00000, 0x0000000087180000, 0x00000000d5f00000)
  object space 87552K, 1% used [0x0000000081c00000,0x0000000081cf8e88,0x0000000087180000)
 Metaspace       used 20675K, capacity 21180K, committed 21296K, reserved 1067008K
  class space    used 2695K, capacity 2854K, committed 2944K, reserved 1048576K
Event: 1.710 GC heap after
Heap after GC invocations=5 (full 0):
 PSYoungGen      total 71680K, used 5112K [0x00000000d5f00000, 0x00000000df400000, 0x0000000100000000)
  eden space 66560K, 0% used [0x00000000d5f00000,0x00000000d5f00000,0x00000000da000000)
  from space 5120K, 99% used [0x00000000da000000,0x00000000da4fe260,0x00000000da500000)
  to   space 9728K, 0% used [0x00000000dea80000,0x00000000dea80000,0x00000000df400000)
 ParOldGen       total 87552K, used 5458K [0x0000000081c00000, 0x0000000087180000, 0x00000000d5f00000)
  object space 87552K, 6% used [0x0000000081c00000,0x0000000082154ab8,0x0000000087180000)
 Metaspace       used 20675K, capacity 21180K, committed 21296K, reserved 1067008K
  class space    used 2695K, capacity 2854K, committed 2944K, reserved 1048576K
}
Event: 1.710 GC heap before
{Heap before GC invocations=6 (full 1):
 PSYoungGen      total 71680K, used 5112K [0x00000000d5f00000, 0x00000000df400000, 0x0000000100000000)
  eden space 66560K, 0% used [0x00000000d5f00000,0x00000000d5f00000,0x00000000da000000)
  from space 5120K, 99% used [0x00000000da000000,0x00000000da4fe260,0x00000000da500000)
  to   space 9728K, 0% used [0x00000000dea80000,0x00000000dea80000,0x00000000df400000)
 ParOldGen       total 87552K, used 5458K [0x0000000081c00000, 0x0000000087180000, 0x00000000d5f00000)
  object space 87552K, 6% used [0x0000000081c00000,0x0000000082154ab8,0x0000000087180000)
 Metaspace       used 20675K, capacity 21180K, committed 21296K, reserved 1067008K
  class space    used 2695K, capacity 2854K, committed 2944K, reserved 1048576K
Event: 1.736 GC heap after
Heap after GC invocations=6 (full 1):
 PSYoungGen      total 71680K, used 0K [0x00000000d5f00000, 0x00000000df400000, 0x0000000100000000)
  eden space 66560K, 0% used [0x00000000d5f00000,0x00000000d5f00000,0x00000000da000000)
  from space 5120K, 0% used [0x00000000da000000,0x00000000da000000,0x00000000da500000)
  to   space 9728K, 0% used [0x00000000dea80000,0x00000000dea80000,0x00000000df400000)
 ParOldGen       total 59904K, used 9346K [0x0000000081c00000, 0x0000000085680000, 0x00000000d5f00000)
  object space 59904K, 15% used [0x0000000081c00000,0x0000000082520a30,0x0000000085680000)
 Metaspace       used 20675K, capacity 21180K, committed 21296K, reserved 1067008K
  class space    used 2695K, capacity 2854K, committed 2944K, reserved 1048576K
}
Event: 2.083 GC heap before
{Heap before GC invocations=7 (full 1):
 PSYoungGen      total 71680K, used 66541K [0x00000000d5f00000, 0x00000000df400000, 0x0000000100000000)
  eden space 66560K, 99% used [0x00000000d5f00000,0x00000000d9ffb590,0x00000000da000000)
  from space 5120K, 0% used [0x00000000da000000,0x00000000da000000,0x00000000da500000)
  to   space 9728K, 0% used [0x00000000dea80000,0x00000000dea80000,0x00000000df400000)
 ParOldGen       total 59904K, used 9346K [0x0000000081c00000, 0x0000000085680000, 0x00000000d5f00000)
  object space 59904K, 15% used [0x0000000081c00000,0x0000000082520a30,0x0000000085680000)
 Metaspace       used 23498K, capacity 24242K, committed 24576K, reserved 1071104K
  class space    used 3052K, capacity 3222K, committed 3328K, reserved 1048576K
Event: 2.088 GC heap after
Heap after GC invocations=7 (full 1):
 PSYoungGen      total 109568K, used 3992K [0x00000000d5f00000, 0x00000000dee80000, 0x0000000100000000)
  eden space 105472K, 0% used [0x00000000d5f00000,0x00000000d5f00000,0x00000000dc600000)
  from space 4096K, 97% used [0x00000000dea80000,0x00000000dee66370,0x00000000dee80000)
  to   space 9728K, 0% used [0x00000000ddb80000,0x00000000ddb80000,0x00000000de500000)
 ParOldGen       total 59904K, used 9418K [0x0000000081c00000, 0x0000000085680000, 0x00000000d5f00000)
  object space 59904K, 15% used [0x0000000081c00000,0x0000000082532a40,0x0000000085680000)
 Metaspace       used 23498K, capacity 24242K, committed 24576K, reserved 1071104K
  class space    used 3052K, capacity 3222K, committed 3328K, reserved 1048576K
}
Event: 3.151 GC heap before
{Heap before GC invocations=8 (full 1):
 PSYoungGen      total 109568K, used 109464K [0x00000000d5f00000, 0x00000000dee80000, 0x0000000100000000)
  eden space 105472K, 100% used [0x00000000d5f00000,0x00000000dc600000,0x00000000dc600000)
  from space 4096K, 97% used [0x00000000dea80000,0x00000000dee66370,0x00000000dee80000)
  to   space 9728K, 0% used [0x00000000ddb80000,0x00000000ddb80000,0x00000000de500000)
 ParOldGen       total 59904K, used 9418K [0x0000000081c00000, 0x0000000085680000, 0x00000000d5f00000)
  object space 59904K, 15% used [0x0000000081c00000,0x0000000082532a40,0x0000000085680000)
 Metaspace       used 27601K, capacity 28596K, committed 28800K, reserved 1075200K
  class space    used 3645K, capacity 3882K, committed 3968K, reserved 1048576K
Event: 3.162 GC heap after
Heap after GC invocations=8 (full 1):
 PSYoungGen      total 115200K, used 9706K [0x00000000d5f00000, 0x00000000dee80000, 0x0000000100000000)
  eden space 105472K, 0% used [0x00000000d5f00000,0x00000000d5f00000,0x00000000dc600000)
  from space 9728K, 99% used [0x00000000ddb80000,0x00000000de4faa60,0x00000000de500000)
  to   space 4096K, 0% used [0x00000000dea80000,0x00000000dea80000,0x00000000dee80000)
 ParOldGen       total 59904K, used 11811K [0x0000000081c00000, 0x0000000085680000, 0x00000000d5f00000)
  object space 59904K, 19% used [0x0000000081c00000,0x0000000082788cf0,0x0000000085680000)
 Metaspace       used 27601K, capacity 28596K, committed 28800K, reserved 1075200K
  class space    used 3645K, capacity 3882K, committed 3968K, reserved 1048576K
}

