# JRE version: Java(TM) SE Runtime Environment (8.0_162-b12) (build 1.8.0_162-b12)
# Java VM: Java HotSpot(TM) 64-Bit Server VM (25.162-b12 mixed mode windows-amd64 compressed oops)
Heap:
 PSYoungGen      total 346624K, used 12363K [0x00000000d5f00000, 0x00000000ec680000, 0x0000000100000000)
  eden space 325120K, 3% used [0x00000000d5f00000,0x00000000d6b12e90,0x00000000e9c80000)
  from space 21504K, 0% used [0x00000000e9c80000,0x00000000e9c80000,0x00000000eb180000)
  to   space 21504K, 0% used [0x00000000eb180000,0x00000000eb180000,0x00000000ec680000)
 ParOldGen       total 117248K, used 35352K [0x0000000081c00000, 0x0000000088e80000, 0x00000000d5f00000)
  object space 117248K, 30% used [0x0000000081c00000,0x0000000083e86238,0x0000000088e80000)
 Metaspace       used 71249K, capacity 74638K, committed 74752K, reserved 1114112K
  class space    used 9550K, capacity 10127K, committed 10240K, reserved 1048576K
GC Heap History (10 events):
Event: 9.267 GC heap before
{Heap before GC invocations=15 (full 3):
 PSYoungGen      total 262144K, used 288K [0x00000000d5f00000, 0x00000000e9780000, 0x0000000100000000)
  eden space 241152K, 0% used [0x00000000d5f00000,0x00000000d5f00000,0x00000000e4a80000)
  from space 20992K, 1% used [0x00000000e5f80000,0x00000000e5fc8000,0x00000000e7400000)
  to   space 21504K, 0% used [0x00000000e4a80000,0x00000000e4a80000,0x00000000e5f80000)
 ParOldGen       total 93184K, used 31022K [0x0000000081c00000, 0x0000000087700000, 0x00000000d5f00000)
  object space 93184K, 33% used [0x0000000081c00000,0x0000000083a4bb40,0x0000000087700000)
 Metaspace       used 56743K, capacity 59064K, committed 59160K, reserved 1099776K
  class space    used 7798K, capacity 8246K, committed 8320K, reserved 1048576K
Event: 9.526 GC heap after
Heap after GC invocations=15 (full 3):
 PSYoungGen      total 262144K, used 0K [0x00000000d5f00000, 0x00000000e9780000, 0x0000000100000000)
  eden space 241152K, 0% used [0x00000000d5f00000,0x00000000d5f00000,0x00000000e4a80000)
  from space 20992K, 0% used [0x00000000e5f80000,0x00000000e5f80000,0x00000000e7400000)
  to   space 21504K, 0% used [0x00000000e4a80000,0x00000000e4a80000,0x00000000e5f80000)
 ParOldGen       total 117248K, used 27275K [0x0000000081c00000, 0x0000000088e80000, 0x00000000d5f00000)
  object space 117248K, 23% used [0x0000000081c00000,0x00000000836a2cd8,0x0000000088e80000)
 Metaspace       used 56743K, capacity 59064K, committed 59160K, reserved 1099776K
  class space    used 7798K, capacity 8246K, committed 8320K, reserved 1048576K
}
Event: 11.115 GC heap before
{Heap before GC invocations=16 (full 3):
 PSYoungGen      total 262144K, used 241152K [0x00000000d5f00000, 0x00000000e9780000, 0x0000000100000000)
  eden space 241152K, 100% used [0x00000000d5f00000,0x00000000e4a80000,0x00000000e4a80000)
  from space 20992K, 0% used [0x00000000e5f80000,0x00000000e5f80000,0x00000000e7400000)
  to   space 21504K, 0% used [0x00000000e4a80000,0x00000000e4a80000,0x00000000e5f80000)
 ParOldGen       total 117248K, used 27275K [0x0000000081c00000, 0x0000000088e80000, 0x00000000d5f00000)
  object space 117248K, 23% used [0x0000000081c00000,0x00000000836a2cd8,0x0000000088e80000)
 Metaspace       used 61177K, capacity 64044K, committed 64384K, reserved 1103872K
  class space    used 8469K, capacity 8972K, committed 9088K, reserved 1048576K
Event: 11.138 GC heap after
Heap after GC invocations=16 (full 3):
 PSYoungGen      total 262656K, used 14550K [0x00000000d5f00000, 0x00000000ed100000, 0x0000000100000000)
  eden space 241152K, 0% used [0x00000000d5f00000,0x00000000d5f00000,0x00000000e4a80000)
  from space 21504K, 67% used [0x00000000e4a80000,0x00000000e58b5858,0x00000000e5f80000)
  to   space 22016K, 0% used [0x00000000ebb80000,0x00000000ebb80000,0x00000000ed100000)
 ParOldGen       total 117248K, used 27283K [0x0000000081c00000, 0x0000000088e80000, 0x00000000d5f00000)
  object space 117248K, 23% used [0x0000000081c00000,0x00000000836a4cd8,0x0000000088e80000)
 Metaspace       used 61177K, capacity 64044K, committed 64384K, reserved 1103872K
  class space    used 8469K, capacity 8972K, committed 9088K, reserved 1048576K
}
Event: 1239.199 GC heap before
{Heap before GC invocations=17 (full 3):
 PSYoungGen      total 262656K, used 255702K [0x00000000d5f00000, 0x00000000ed100000, 0x0000000100000000)
  eden space 241152K, 100% used [0x00000000d5f00000,0x00000000e4a80000,0x00000000e4a80000)
  from space 21504K, 67% used [0x00000000e4a80000,0x00000000e58b5858,0x00000000e5f80000)
  to   space 22016K, 0% used [0x00000000ebb80000,0x00000000ebb80000,0x00000000ed100000)
 ParOldGen       total 117248K, used 27283K [0x0000000081c00000, 0x0000000088e80000, 0x00000000d5f00000)
  object space 117248K, 23% used [0x0000000081c00000,0x00000000836a4cd8,0x0000000088e80000)
 Metaspace       used 70899K, capacity 74230K, committed 74368K, reserved 1114112K
  class space    used 9501K, capacity 10063K, committed 10112K, reserved 1048576K
Event: 1239.215 GC heap after
Heap after GC invocations=17 (full 3):
 PSYoungGen      total 336384K, used 10348K [0x00000000d5f00000, 0x00000000ec680000, 0x0000000100000000)
  eden space 325120K, 0% used [0x00000000d5f00000,0x00000000d5f00000,0x00000000e9c80000)
  from space 11264K, 91% used [0x00000000ebb80000,0x00000000ec59b2c0,0x00000000ec680000)
  to   space 21504K, 0% used [0x00000000e9c80000,0x00000000e9c80000,0x00000000eb180000)
 ParOldGen       total 117248K, used 36895K [0x0000000081c00000, 0x0000000088e80000, 0x00000000d5f00000)
  object space 117248K, 31% used [0x0000000081c00000,0x0000000084007d18,0x0000000088e80000)
 Metaspace       used 70899K, capacity 74230K, committed 74368K, reserved 1114112K
  class space    used 9501K, capacity 10063K, committed 10112K, reserved 1048576K
}
Event: 1804.175 GC heap before
{Heap before GC invocations=18 (full 3):
 PSYoungGen      total 336384K, used 76766K [0x00000000d5f00000, 0x00000000ec680000, 0x0000000100000000)
  eden space 325120K, 20% used [0x00000000d5f00000,0x00000000d9fdc620,0x00000000e9c80000)
  from space 11264K, 91% used [0x00000000ebb80000,0x00000000ec59b2c0,0x00000000ec680000)
  to   space 21504K, 0% used [0x00000000e9c80000,0x00000000e9c80000,0x00000000eb180000)
 ParOldGen       total 117248K, used 36895K [0x0000000081c00000, 0x0000000088e80000, 0x00000000d5f00000)
  object space 117248K, 31% used [0x0000000081c00000,0x0000000084007d18,0x0000000088e80000)
 Metaspace       used 71215K, capacity 74612K, committed 74752K, reserved 1114112K
  class space    used 9546K, capacity 10123K, committed 10240K, reserved 1048576K
Event: 1804.180 GC heap after
Heap after GC invocations=18 (full 3):
 PSYoungGen      total 346624K, used 256K [0x00000000d5f00000, 0x00000000ec680000, 0x0000000100000000)
  eden space 325120K, 0% used [0x00000000d5f00000,0x00000000d5f00000,0x00000000e9c80000)
  from space 21504K, 1% used [0x00000000e9c80000,0x00000000e9cc0000,0x00000000eb180000)
  to   space 21504K, 0% used [0x00000000eb180000,0x00000000eb180000,0x00000000ec680000)
 ParOldGen       total 117248K, used 40867K [0x0000000081c00000, 0x0000000088e80000, 0x00000000d5f00000)
  object space 117248K, 34% used [0x0000000081c00000,0x00000000843e8d60,0x0000000088e80000)
 Metaspace       used 71215K, capacity 74612K, committed 74752K, reserved 1114112K
  class space    used 9546K, capacity 10123K, committed 10240K, reserved 1048576K
}
Event: 1804.180 GC heap before
{Heap before GC invocations=19 (full 4):
 PSYoungGen      total 346624K, used 256K [0x00000000d5f00000, 0x00000000ec680000, 0x0000000100000000)
  eden space 325120K, 0% used [0x00000000d5f00000,0x00000000d5f00000,0x00000000e9c80000)
  from space 21504K, 1% used [0x00000000e9c80000,0x00000000e9cc0000,0x00000000eb180000)
  to   space 21504K, 0% used [0x00000000eb180000,0x00000000eb180000,0x00000000ec680000)
 ParOldGen       total 117248K, used 40867K [0x0000000081c00000, 0x0000000088e80000, 0x00000000d5f00000)
  object space 117248K, 34% used [0x0000000081c00000,0x00000000843e8d60,0x0000000088e80000)
 Metaspace       used 71215K, capacity 74612K, committed 74752K, reserved 1114112K
  class space    used 9546K, capacity 10123K, committed 10240K, reserved 1048576K
Event: 1804.357 GC heap after
Heap after GC invocations=19 (full 4):
 PSYoungGen      total 346624K, used 0K [0x00000000d5f00000, 0x00000000ec680000, 0x0000000100000000)
  eden space 325120K, 0% used [0x00000000d5f00000,0x00000000d5f00000,0x00000000e9c80000)
  from space 21504K, 0% used [0x00000000e9c80000,0x00000000e9c80000,0x00000000eb180000)
  to   space 21504K, 0% used [0x00000000eb180000,0x00000000eb180000,0x00000000ec680000)
 ParOldGen       total 117248K, used 35352K [0x0000000081c00000, 0x0000000088e80000, 0x00000000d5f00000)
  object space 117248K, 30% used [0x0000000081c00000,0x0000000083e86238,0x0000000088e80000)
 Metaspace       used 71215K, capacity 74612K, committed 74752K, reserved 1114112K
  class space    used 9546K, capacity 10123K, committed 10240K, reserved 1048576K
}

