# JRE version: Java(TM) SE Runtime Environment (8.0_162-b12) (build 1.8.0_162-b12)
# Java VM: Java HotSpot(TM) 64-Bit Server VM (25.162-b12 mixed mode windows-amd64 compressed oops)
Heap:
 PSYoungGen      total 199680K, used 26145K [0x00000000d5f00000, 0x00000000e6a80000, 0x0000000100000000)
  eden space 182272K, 14% used [0x00000000d5f00000,0x00000000d7888730,0x00000000e1100000)
  from space 17408K, 0% used [0x00000000e1100000,0x00000000e1100000,0x00000000e2200000)
  to   space 20992K, 0% used [0x00000000e5600000,0x00000000e5600000,0x00000000e6a80000)
 ParOldGen       total 96256K, used 37055K [0x0000000081c00000, 0x0000000087a00000, 0x00000000d5f00000)
  object space 96256K, 38% used [0x0000000081c00000,0x000000008402fd80,0x0000000087a00000)
 Metaspace       used 57262K, capacity 59778K, committed 59904K, reserved 1101824K
  class space    used 7896K, capacity 8343K, committed 8448K, reserved 1048576K
GC Heap History (10 events):
Event: 6.336 GC heap before
{Heap before GC invocations=10 (full 1):
 PSYoungGen      total 152576K, used 23523K [0x00000000d5f00000, 0x00000000e3300000, 0x0000000100000000)
  eden space 140288K, 8% used [0x00000000d5f00000,0x00000000d6a00ad8,0x00000000de800000)
  from space 12288K, 99% used [0x00000000df800000,0x00000000e03f8150,0x00000000e0400000)
  to   space 16384K, 0% used [0x00000000de800000,0x00000000de800000,0x00000000df800000)
 ParOldGen       total 62976K, used 16054K [0x0000000081c00000, 0x0000000085980000, 0x00000000d5f00000)
  object space 62976K, 25% used [0x0000000081c00000,0x0000000082badb50,0x0000000085980000)
 Metaspace       used 33776K, capacity 35392K, committed 35496K, reserved 1079296K
  class space    used 4445K, capacity 4794K, committed 4864K, reserved 1048576K
Event: 6.345 GC heap after
Heap after GC invocations=10 (full 1):
 PSYoungGen      total 156672K, used 12726K [0x00000000d5f00000, 0x00000000e3980000, 0x0000000100000000)
  eden space 140288K, 0% used [0x00000000d5f00000,0x00000000d5f00000,0x00000000de800000)
  from space 16384K, 77% used [0x00000000de800000,0x00000000df46d840,0x00000000df800000)
  to   space 17408K, 0% used [0x00000000e2880000,0x00000000e2880000,0x00000000e3980000)
 ParOldGen       total 62976K, used 16126K [0x0000000081c00000, 0x0000000085980000, 0x00000000d5f00000)
  object space 62976K, 25% used [0x0000000081c00000,0x0000000082bbfb60,0x0000000085980000)
 Metaspace       used 33776K, capacity 35392K, committed 35496K, reserved 1079296K
  class space    used 4445K, capacity 4794K, committed 4864K, reserved 1048576K
}
Event: 6.345 GC heap before
{Heap before GC invocations=11 (full 2):
 PSYoungGen      total 156672K, used 12726K [0x00000000d5f00000, 0x00000000e3980000, 0x0000000100000000)
  eden space 140288K, 0% used [0x00000000d5f00000,0x00000000d5f00000,0x00000000de800000)
  from space 16384K, 77% used [0x00000000de800000,0x00000000df46d840,0x00000000df800000)
  to   space 17408K, 0% used [0x00000000e2880000,0x00000000e2880000,0x00000000e3980000)
 ParOldGen       total 62976K, used 16126K [0x0000000081c00000, 0x0000000085980000, 0x00000000d5f00000)
  object space 62976K, 25% used [0x0000000081c00000,0x0000000082bbfb60,0x0000000085980000)
 Metaspace       used 33776K, capacity 35392K, committed 35496K, reserved 1079296K
  class space    used 4445K, capacity 4794K, committed 4864K, reserved 1048576K
Event: 6.439 GC heap after
Heap after GC invocations=11 (full 2):
 PSYoungGen      total 156672K, used 0K [0x00000000d5f00000, 0x00000000e3980000, 0x0000000100000000)
  eden space 140288K, 0% used [0x00000000d5f00000,0x00000000d5f00000,0x00000000de800000)
  from space 16384K, 0% used [0x00000000de800000,0x00000000de800000,0x00000000df800000)
  to   space 17408K, 0% used [0x00000000e2880000,0x00000000e2880000,0x00000000e3980000)
 ParOldGen       total 96256K, used 18639K [0x0000000081c00000, 0x0000000087a00000, 0x00000000d5f00000)
  object space 96256K, 19% used [0x0000000081c00000,0x0000000082e33f38,0x0000000087a00000)
 Metaspace       used 33776K, capacity 35392K, committed 35496K, reserved 1079296K
  class space    used 4445K, capacity 4794K, committed 4864K, reserved 1048576K
}
Event: 11.309 GC heap before
{Heap before GC invocations=12 (full 2):
 PSYoungGen      total 156672K, used 140288K [0x00000000d5f00000, 0x00000000e3980000, 0x0000000100000000)
  eden space 140288K, 100% used [0x00000000d5f00000,0x00000000de800000,0x00000000de800000)
  from space 16384K, 0% used [0x00000000de800000,0x00000000de800000,0x00000000df800000)
  to   space 17408K, 0% used [0x00000000e2880000,0x00000000e2880000,0x00000000e3980000)
 ParOldGen       total 96256K, used 18639K [0x0000000081c00000, 0x0000000087a00000, 0x00000000d5f00000)
  object space 96256K, 19% used [0x0000000081c00000,0x0000000082e33f38,0x0000000087a00000)
 Metaspace       used 42658K, capacity 44348K, committed 44672K, reserved 1087488K
  class space    used 5653K, capacity 6000K, committed 6016K, reserved 1048576K
Event: 11.333 GC heap after
Heap after GC invocations=12 (full 2):
 PSYoungGen      total 192512K, used 10336K [0x00000000d5f00000, 0x00000000e3300000, 0x0000000100000000)
  eden space 181760K, 0% used [0x00000000d5f00000,0x00000000d5f00000,0x00000000e1080000)
  from space 10752K, 96% used [0x00000000e2880000,0x00000000e3298240,0x00000000e3300000)
  to   space 17408K, 0% used [0x00000000e1100000,0x00000000e1100000,0x00000000e2200000)
 ParOldGen       total 96256K, used 18639K [0x0000000081c00000, 0x0000000087a00000, 0x00000000d5f00000)
  object space 96256K, 19% used [0x0000000081c00000,0x0000000082e33f38,0x0000000087a00000)
 Metaspace       used 42658K, capacity 44348K, committed 44672K, reserved 1087488K
  class space    used 5653K, capacity 6000K, committed 6016K, reserved 1048576K
}
Event: 14.939 GC heap before
{Heap before GC invocations=13 (full 2):
 PSYoungGen      total 192512K, used 189484K [0x00000000d5f00000, 0x00000000e3300000, 0x0000000100000000)
  eden space 181760K, 98% used [0x00000000d5f00000,0x00000000e0df2f78,0x00000000e1080000)
  from space 10752K, 96% used [0x00000000e2880000,0x00000000e3298240,0x00000000e3300000)
  to   space 17408K, 0% used [0x00000000e1100000,0x00000000e1100000,0x00000000e2200000)
 ParOldGen       total 96256K, used 18639K [0x0000000081c00000, 0x0000000087a00000, 0x00000000d5f00000)
  object space 96256K, 19% used [0x0000000081c00000,0x0000000082e33f38,0x0000000087a00000)
 Metaspace       used 56671K, capacity 59044K, committed 59160K, reserved 1099776K
  class space    used 7780K, capacity 8228K, committed 8320K, reserved 1048576K
Event: 14.979 GC heap after
Heap after GC invocations=13 (full 2):
 PSYoungGen      total 199680K, used 17379K [0x00000000d5f00000, 0x00000000e6a80000, 0x0000000100000000)
  eden space 182272K, 0% used [0x00000000d5f00000,0x00000000d5f00000,0x00000000e1100000)
  from space 17408K, 99% used [0x00000000e1100000,0x00000000e21f8fe8,0x00000000e2200000)
  to   space 20992K, 0% used [0x00000000e5600000,0x00000000e5600000,0x00000000e6a80000)
 ParOldGen       total 96256K, used 21195K [0x0000000081c00000, 0x0000000087a00000, 0x00000000d5f00000)
  object space 96256K, 22% used [0x0000000081c00000,0x00000000830b2f90,0x0000000087a00000)
 Metaspace       used 56671K, capacity 59044K, committed 59160K, reserved 1099776K
  class space    used 7780K, capacity 8228K, committed 8320K, reserved 1048576K
}
Event: 14.979 GC heap before
{Heap before GC invocations=14 (full 3):
 PSYoungGen      total 199680K, used 17379K [0x00000000d5f00000, 0x00000000e6a80000, 0x0000000100000000)
  eden space 182272K, 0% used [0x00000000d5f00000,0x00000000d5f00000,0x00000000e1100000)
  from space 17408K, 99% used [0x00000000e1100000,0x00000000e21f8fe8,0x00000000e2200000)
  to   space 20992K, 0% used [0x00000000e5600000,0x00000000e5600000,0x00000000e6a80000)
 ParOldGen       total 96256K, used 21195K [0x0000000081c00000, 0x0000000087a00000, 0x00000000d5f00000)
  object space 96256K, 22% used [0x0000000081c00000,0x00000000830b2f90,0x0000000087a00000)
 Metaspace       used 56671K, capacity 59044K, committed 59160K, reserved 1099776K
  class space    used 7780K, capacity 8228K, committed 8320K, reserved 1048576K
Event: 15.275 GC heap after
Heap after GC invocations=14 (full 3):
 PSYoungGen      total 199680K, used 0K [0x00000000d5f00000, 0x00000000e6a80000, 0x0000000100000000)
  eden space 182272K, 0% used [0x00000000d5f00000,0x00000000d5f00000,0x00000000e1100000)
  from space 17408K, 0% used [0x00000000e1100000,0x00000000e1100000,0x00000000e2200000)
  to   space 20992K, 0% used [0x00000000e5600000,0x00000000e5600000,0x00000000e6a80000)
 ParOldGen       total 96256K, used 37055K [0x0000000081c00000, 0x0000000087a00000, 0x00000000d5f00000)
  object space 96256K, 38% used [0x0000000081c00000,0x000000008402fd80,0x0000000087a00000)
 Metaspace       used 56671K, capacity 59044K, committed 59160K, reserved 1099776K
  class space    used 7780K, capacity 8228K, committed 8320K, reserved 1048576K
}

